Arguments: 
  C:\Program Files\nodejs\node.exe C:\Users\soren\AppData\Roaming\npm\node_modules\yarn\bin\yarn.js

PATH: 
  C:\Python310\Scripts\;C:\Python310\;C:\Python39\Scripts\;C:\Python39\;C:\Program Files (x86)\Common Files\Oracle\Java\javapath;C:\Windows\system32;C:\Windows;C:\Windows\System32\Wbem;C:\Windows\System32\WindowsPowerShell\v1.0\;C:\Windows\System32\OpenSSH\;C:\Program Files (x86)\NVIDIA Corporation\PhysX\Common;C:\Program Files\dotnet\;C:\WINDOWS\system32;C:\WINDOWS;C:\WINDOWS\System32\Wbem;C:\WINDOWS\System32\WindowsPowerShell\v1.0\;C:\WINDOWS\System32\OpenSSH\;C:\Program Files\NVIDIA Corporation\NVIDIA NvDLISR;C:\ProgramData\chocolatey\bin;C:\Program Files (x86)\Microsoft SQL Server\150\DTS\Binn\;C:\WINDOWS\system32;C:\WINDOWS;C:\WINDOWS\System32\Wbem;C:\WINDOWS\System32\WindowsPowerShell\v1.0\;C:\WINDOWS\System32\OpenSSH\;C:\Program Files\Docker\Docker\resources\bin;C:\ProgramData\DockerDesktop\version-bin;C:\Program Files\Git\cmd;C:\Program Files\nodejs\;C:\Users\soren\AppData\Local\Microsoft\WindowsApps;C:\Users\soren\AppData\Local\Programs\Microsoft VS Code\bin;C:\Users\soren\.dotnet\tools;C:\Users\soren\AppData\Local\Microsoft\WindowsApps;C:\Users\soren\.dotnet\tools;C:\Users\soren\AppData\Roaming\npm;C:\Users\soren\AppData\Local\Keybase\

Yarn version: 
  1.22.10

Node version: 
  16.13.1

Platform: 
  win32 x64

Trace: 
  SyntaxError: C:\code\react-create-resource\package.json: Unexpected token } in JSON at position 1372
      at JSON.parse (<anonymous>)
      at C:\Users\soren\AppData\Roaming\npm\node_modules\yarn\lib\cli.js:1625:59
      at Generator.next (<anonymous>)
      at step (C:\Users\soren\AppData\Roaming\npm\node_modules\yarn\lib\cli.js:310:30)
      at C:\Users\soren\AppData\Roaming\npm\node_modules\yarn\lib\cli.js:321:13

npm manifest: 
  {
    "name": "react-create-resource",
    "version": "0.0.0",
    "description": "Create a generic resource, given some method to asynchronously load a value",
    "main": "dist/main/index.js",
    "module": "dist/module/index.js",
    "types": "dist/main/index.d.ts",
    "scripts": {
      "build:main": "yarn tsc",
      "build:module": "yarn tsc -p tsconfig.module.json",
      "build": "rimraf dist && yarn build:main && yarn build:module",
      "lint": "eslint src/**/*.{js,jsx,ts,tsx}",
      "lint:fix": "eslint src/**/*.{js,jsx,ts,tsx} --fix",
      "type-check": "tsc --noEmit",
      "type-check:watch": "npm run type-check -- --watch",
      "test": "jest",
      "test:coverage": "jest --coverage"
    },
    "repository": {
      "type": "git",
      "url": "git+https://github.com/sorenhoyer/react-routable.git"
    },
    "author": "",
    "license": "ISC",
    "bugs": {
      "url": "https://github.com/sorenhoyer/react-routable/issues"
    },
    "homepage": "https://github.com/sorenhoyer/react-routable#readme",
    "devDependencies": {
      "@sorenhoyer/eslint-config-base": "^2.0.0",
      "@sorenhoyer/prettier-config": "^2.0.0",
      "@types/invariant": "^2.2.35",
      "@types/jest": "^27.5.1",
      "history": "^5.0.0",
      "jest": "^28.1.0",
      "prettier": "^2.0.0",
      "ts-jest": "^28.0.3",
      "ts-node": "^10.8.0",
      "typescript": "^4.7.2"
    },
    "peerDependencies": {
      "history": ">=5.0.0",
    },
    "dependencies": {
      "invariant": "^2.2.4"
    }
  }

yarn manifest: 
  No manifest

Lockfile: 
  No lockfile
